<?xml version="1.0" encoding="UTF-8"?>
<testng-results skipped="0" failed="0" ignored="0" total="1" passed="1">
  <reporter-output>
  </reporter-output>
  <suite name="Default suite" duration-ms="29886" started-at="2019-12-03T23:32:26 EST" finished-at="2019-12-03T23:32:56 EST">
    <groups>
    </groups>
    <test name="Default test" duration-ms="29886" started-at="2019-12-03T23:32:26 EST" finished-at="2019-12-03T23:32:56 EST">
      <class name="com.training.assignment.tests.ELTC_009_Teacherunsub">
        <test-method status="PASS" signature="setUpBeforeClass()[pri:0, instance:com.training.assignment.tests.ELTC_009_Teacherunsub@3d99d22e]" name="setUpBeforeClass" is-config="true" duration-ms="16" started-at="2019-12-03T23:32:26 EST" finished-at="2019-12-03T23:32:26 EST">
          <reporter-output>
          </reporter-output>
        </test-method> <!-- setUpBeforeClass -->
        <test-method status="PASS" signature="setUp()[pri:0, instance:com.training.assignment.tests.ELTC_009_Teacherunsub@3d99d22e]" name="setUp" is-config="true" duration-ms="11481" started-at="2019-12-03T23:32:26 EST" finished-at="2019-12-03T23:32:38 EST">
          <reporter-output>
          </reporter-output>
        </test-method> <!-- setUp -->
        <test-method status="PASS" signature="validLoginTest()[pri:0, instance:com.training.assignment.tests.ELTC_009_Teacherunsub@3d99d22e]" name="validLoginTest" duration-ms="16705" started-at="2019-12-03T23:32:38 EST" finished-at="2019-12-03T23:32:54 EST">
          <reporter-output>
          </reporter-output>
        </test-method> <!-- validLoginTest -->
        <test-method status="PASS" signature="tearDown()[pri:0, instance:com.training.assignment.tests.ELTC_009_Teacherunsub@3d99d22e]" name="tearDown" is-config="true" duration-ms="1665" started-at="2019-12-03T23:32:54 EST" finished-at="2019-12-03T23:32:56 EST">
          <reporter-output>
          </reporter-output>
        </test-method> <!-- tearDown -->
      </class> <!-- com.training.assignment.tests.ELTC_009_Teacherunsub -->
    </test> <!-- Default test -->
  </suite> <!-- Default suite -->
</testng-results>
